13:13:19 **** Incremental Build of configuration Debug for project test2 ****
make all 
make: Цель «all» не требует выполнения команд.
13:13:22 **** Incremental Build of configuration Debug for project test2 ****
make all 
make: Цель «all» не требует выполнения команд.
13:13:25 **** Incremental Build of configuration Debug for project test2 ****
make all 
make: Цель «all» не требует выполнения команд.
13:13:45 **** Incremental Build of configuration Debug for project test2 ****
make all 
make: Цель «all» не требует выполнения команд.
13:19:22 **** Incremental Build of configuration Debug for project test2 ****
make all 
make: Цель «all» не требует выполнения команд.
13:25:37 **** Incremental Build of configuration Debug for project test2 ****
make all 
make: Цель «all» не требует выполнения команд.
13:28:29 **** Incremental Build of configuration Debug for project test2 ****
make all 
make: Цель «all» не требует выполнения команд.
13:29:54 **** Incremental Build of configuration Debug for project test2 ****
make all 
make: Цель «all» не требует выполнения команд.
13:32:51 **** Incremental Build of configuration Debug for project test2 ****
make all 
make: Цель «all» не требует выполнения команд.
13:40:48 **** Incremental Build of configuration Debug for project test2 ****
make all 
Building file: ../Lua_Var_Exec/source/blocks.cpp
Invoking: Cross G++ Compiler
mipsel-openwrt-linux-g++ -std=c++17 -std=c++17 -I/home/lana/Table/googletest/googletest/include -I/home/lana/Table/eclipse-workspace/test2/Lua_Var_Exec/include -I/home/lana/Table/eclipse-workspace/test2/Lua_Var_Exec -O0 -g3 -g -O0 -Wall -c -fmessage-length=0 -MMD -MP -MF"Lua_Var_Exec/source/blocks.d" -MT"Lua_Var_Exec/source/blocks.o" -o "Lua_Var_Exec/source/blocks.o" "../Lua_Var_Exec/source/blocks.cpp"
Finished building: ../Lua_Var_Exec/source/blocks.cpp
 
Building file: ../Lua_Var_Exec/source/marks.cpp
Invoking: Cross G++ Compiler
mipsel-openwrt-linux-g++ -std=c++17 -std=c++17 -I/home/lana/Table/googletest/googletest/include -I/home/lana/Table/eclipse-workspace/test2/Lua_Var_Exec/include -I/home/lana/Table/eclipse-workspace/test2/Lua_Var_Exec -O0 -g3 -g -O0 -Wall -c -fmessage-length=0 -MMD -MP -MF"Lua_Var_Exec/source/marks.d" -MT"Lua_Var_Exec/source/marks.o" -o "Lua_Var_Exec/source/marks.o" "../Lua_Var_Exec/source/marks.cpp"
Finished building: ../Lua_Var_Exec/source/marks.cpp
 
Building file: ../Lua_Var_Exec/source/parse_exception.cpp
Invoking: Cross G++ Compiler
mipsel-openwrt-linux-g++ -std=c++17 -std=c++17 -I/home/lana/Table/googletest/googletest/include -I/home/lana/Table/eclipse-workspace/test2/Lua_Var_Exec/include -I/home/lana/Table/eclipse-workspace/test2/Lua_Var_Exec -O0 -g3 -g -O0 -Wall -c -fmessage-length=0 -MMD -MP -MF"Lua_Var_Exec/source/parse_exception.d" -MT"Lua_Var_Exec/source/parse_exception.o" -o "Lua_Var_Exec/source/parse_exception.o" "../Lua_Var_Exec/source/parse_exception.cpp"
Finished building: ../Lua_Var_Exec/source/parse_exception.cpp
 
Building file: ../Lua_Var_Exec/source/str.cpp
Invoking: Cross G++ Compiler
mipsel-openwrt-linux-g++ -std=c++17 -std=c++17 -I/home/lana/Table/googletest/googletest/include -I/home/lana/Table/eclipse-workspace/test2/Lua_Var_Exec/include -I/home/lana/Table/eclipse-workspace/test2/Lua_Var_Exec -O0 -g3 -g -O0 -Wall -c -fmessage-length=0 -MMD -MP -MF"Lua_Var_Exec/source/str.d" -MT"Lua_Var_Exec/source/str.o" -o "Lua_Var_Exec/source/str.o" "../Lua_Var_Exec/source/str.cpp"
Finished building: ../Lua_Var_Exec/source/str.cpp
 
Building file: ../Lua_Var_Exec/source/tree.cpp
Invoking: Cross G++ Compiler
mipsel-openwrt-linux-g++ -std=c++17 -std=c++17 -I/home/lana/Table/googletest/googletest/include -I/home/lana/Table/eclipse-workspace/test2/Lua_Var_Exec/include -I/home/lana/Table/eclipse-workspace/test2/Lua_Var_Exec -O0 -g3 -g -O0 -Wall -c -fmessage-length=0 -MMD -MP -MF"Lua_Var_Exec/source/tree.d" -MT"Lua_Var_Exec/source/tree.o" -o "Lua_Var_Exec/source/tree.o" "../Lua_Var_Exec/source/tree.cpp"
Finished building: ../Lua_Var_Exec/source/tree.cpp
 
Building file: ../Lua_Var_Exec/source/tree_node.cpp
Invoking: Cross G++ Compiler
mipsel-openwrt-linux-g++ -std=c++17 -std=c++17 -I/home/lana/Table/googletest/googletest/include -I/home/lana/Table/eclipse-workspace/test2/Lua_Var_Exec/include -I/home/lana/Table/eclipse-workspace/test2/Lua_Var_Exec -O0 -g3 -g -O0 -Wall -c -fmessage-length=0 -MMD -MP -MF"Lua_Var_Exec/source/tree_node.d" -MT"Lua_Var_Exec/source/tree_node.o" -o "Lua_Var_Exec/source/tree_node.o" "../Lua_Var_Exec/source/tree_node.cpp"
Finished building: ../Lua_Var_Exec/source/tree_node.cpp
 
Building file: ../Lua_Var_Exec/LuaWrapper.cpp
Invoking: Cross G++ Compiler
mipsel-openwrt-linux-g++ -std=c++17 -std=c++17 -I/home/lana/Table/googletest/googletest/include -I/home/lana/Table/eclipse-workspace/test2/Lua_Var_Exec/include -I/home/lana/Table/eclipse-workspace/test2/Lua_Var_Exec -O0 -g3 -g -O0 -Wall -c -fmessage-length=0 -MMD -MP -MF"Lua_Var_Exec/LuaWrapper.d" -MT"Lua_Var_Exec/LuaWrapper.o" -o "Lua_Var_Exec/LuaWrapper.o" "../Lua_Var_Exec/LuaWrapper.cpp"
Finished building: ../Lua_Var_Exec/LuaWrapper.cpp
 
Building file: ../blocksTest.cpp
Invoking: Cross G++ Compiler
mipsel-openwrt-linux-g++ -std=c++17 -std=c++17 -I/home/lana/Table/googletest/googletest/include -I/home/lana/Table/eclipse-workspace/test2/Lua_Var_Exec/include -I/home/lana/Table/eclipse-workspace/test2/Lua_Var_Exec -O0 -g3 -g -O0 -Wall -c -fmessage-length=0 -MMD -MP -MF"blocksTest.d" -MT"blocksTest.o" -o "blocksTest.o" "../blocksTest.cpp"
In file included from ../blocksTest.cpp:1:0:
/home/lana/Table/googletest/googletest/include/gtest/gtest.h: In instantiation of 'testing::AssertionResult testing::internal::CmpHelperEQ(const char*, const char*, const T1&, const T2&) [with T1 = unsigned int; T2 = int]':
/home/lana/Table/googletest/googletest/include/gtest/gtest.h:1413:23:   required from 'static testing::AssertionResult testing::internal::EqHelper::Compare(const char*, const char*, const T1&, const T2&) [with T1 = unsigned int; T2 = int; typename std::enable_if<((! std::is_integral<_Tp>::value) || (! std::is_pointer<_Dp>::value))>::type* <anonymous> = 0]'
../blocksTest.cpp:32:5:   required from here
/home/lana/Table/googletest/googletest/include/gtest/gtest.h:1394:11: warning: comparison between signed and unsigned integer expressions [-Wsign-compare]
   if (lhs == rhs) {
       ~~~~^~~~~~
Finished building: ../blocksTest.cpp
 
Building file: ../marksTest.cpp
Invoking: Cross G++ Compiler
mipsel-openwrt-linux-g++ -std=c++17 -std=c++17 -I/home/lana/Table/googletest/googletest/include -I/home/lana/Table/eclipse-workspace/test2/Lua_Var_Exec/include -I/home/lana/Table/eclipse-workspace/test2/Lua_Var_Exec -O0 -g3 -g -O0 -Wall -c -fmessage-length=0 -MMD -MP -MF"marksTest.d" -MT"marksTest.o" -o "marksTest.o" "../marksTest.cpp"
Finished building: ../marksTest.cpp
 
Building file: ../parser.cpp
Invoking: Cross G++ Compiler
mipsel-openwrt-linux-g++ -std=c++17 -std=c++17 -I/home/lana/Table/googletest/googletest/include -I/home/lana/Table/eclipse-workspace/test2/Lua_Var_Exec/include -I/home/lana/Table/eclipse-workspace/test2/Lua_Var_Exec -O0 -g3 -g -O0 -Wall -c -fmessage-length=0 -MMD -MP -MF"parser.d" -MT"parser.o" -o "parser.o" "../parser.cpp"
Finished building: ../parser.cpp
 
Building file: ../strTest.cpp
Invoking: Cross G++ Compiler
mipsel-openwrt-linux-g++ -std=c++17 -std=c++17 -I/home/lana/Table/googletest/googletest/include -I/home/lana/Table/eclipse-workspace/test2/Lua_Var_Exec/include -I/home/lana/Table/eclipse-workspace/test2/Lua_Var_Exec -O0 -g3 -g -O0 -Wall -c -fmessage-length=0 -MMD -MP -MF"strTest.d" -MT"strTest.o" -o "strTest.o" "../strTest.cpp"
In file included from ../strTest.cpp:1:0:
/home/lana/Table/googletest/googletest/include/gtest/gtest.h: In instantiation of 'testing::AssertionResult testing::internal::CmpHelperEQ(const char*, const char*, const T1&, const T2&) [with T1 = unsigned int; T2 = int]':
/home/lana/Table/googletest/googletest/include/gtest/gtest.h:1413:23:   required from 'static testing::AssertionResult testing::internal::EqHelper::Compare(const char*, const char*, const T1&, const T2&) [with T1 = unsigned int; T2 = int; typename std::enable_if<((! std::is_integral<_Tp>::value) || (! std::is_pointer<_Dp>::value))>::type* <anonymous> = 0]'
../strTest.cpp:71:5:   required from here
/home/lana/Table/googletest/googletest/include/gtest/gtest.h:1394:11: warning: comparison between signed and unsigned integer expressions [-Wsign-compare]
   if (lhs == rhs) {
       ~~~~^~~~~~
Finished building: ../strTest.cpp
 
Building file: ../test_main.cpp
Invoking: Cross G++ Compiler
mipsel-openwrt-linux-g++ -std=c++17 -std=c++17 -I/home/lana/Table/googletest/googletest/include -I/home/lana/Table/eclipse-workspace/test2/Lua_Var_Exec/include -I/home/lana/Table/eclipse-workspace/test2/Lua_Var_Exec -O0 -g3 -g -O0 -Wall -c -fmessage-length=0 -MMD -MP -MF"test_main.d" -MT"test_main.o" -o "test_main.o" "../test_main.cpp"
Finished building: ../test_main.cpp
 
Building file: ../treeNode_test.cpp
Invoking: Cross G++ Compiler
mipsel-openwrt-linux-g++ -std=c++17 -std=c++17 -I/home/lana/Table/googletest/googletest/include -I/home/lana/Table/eclipse-workspace/test2/Lua_Var_Exec/include -I/home/lana/Table/eclipse-workspace/test2/Lua_Var_Exec -O0 -g3 -g -O0 -Wall -c -fmessage-length=0 -MMD -MP -MF"treeNode_test.d" -MT"treeNode_test.o" -o "treeNode_test.o" "../treeNode_test.cpp"
In file included from ../treeNode_test.cpp:1:0:
/home/lana/Table/googletest/googletest/include/gtest/gtest.h: In instantiation of 'testing::AssertionResult testing::internal::CmpHelperEQ(const char*, const char*, const T1&, const T2&) [with T1 = unsigned int; T2 = int]':
/home/lana/Table/googletest/googletest/include/gtest/gtest.h:1413:23:   required from 'static testing::AssertionResult testing::internal::EqHelper::Compare(const char*, const char*, const T1&, const T2&) [with T1 = unsigned int; T2 = int; typename std::enable_if<((! std::is_integral<_Tp>::value) || (! std::is_pointer<_Dp>::value))>::type* <anonymous> = 0]'
../treeNode_test.cpp:67:5:   required from here
/home/lana/Table/googletest/googletest/include/gtest/gtest.h:1394:11: warning: comparison between signed and unsigned integer expressions [-Wsign-compare]
   if (lhs == rhs) {
       ~~~~^~~~~~
Finished building: ../treeNode_test.cpp
 
Building file: ../tree_test.cpp
Invoking: Cross G++ Compiler
mipsel-openwrt-linux-g++ -std=c++17 -std=c++17 -I/home/lana/Table/googletest/googletest/include -I/home/lana/Table/eclipse-workspace/test2/Lua_Var_Exec/include -I/home/lana/Table/eclipse-workspace/test2/Lua_Var_Exec -O0 -g3 -g -O0 -Wall -c -fmessage-length=0 -MMD -MP -MF"tree_test.d" -MT"tree_test.o" -o "tree_test.o" "../tree_test.cpp"
In file included from /home/lana/Table/googletest/googletest/include/gtest/gtest-printers.h:126:0,
                 from /home/lana/Table/googletest/googletest/include/gtest/gtest-matchers.h:49,
                 from /home/lana/Table/googletest/googletest/include/gtest/internal/gtest-death-test-internal.h:47,
                 from /home/lana/Table/googletest/googletest/include/gtest/gtest-death-test.h:43,
                 from /home/lana/Table/googletest/googletest/include/gtest/gtest.h:64,
                 from ../tree_test.cpp:1:
../tree_test.cpp: In member function 'virtual void TreeTest_ClearTree_Test::TestBody()':
../tree_test.cpp:44:19: warning: unused variable 'newRoot' [-Wunused-variable]
         TreeNode* newRoot = test.Create(NodeData("new_root", NodeType::ROOT));
                   ^
/home/lana/Table/googletest/googletest/include/gtest/internal/gtest-internal.h:1311:5: note: in definition of macro 'GTEST_SUPPRESS_UNREACHABLE_CODE_WARNING_BELOW_'
     statement;                                                    \
     ^~~~~~~~~
/home/lana/Table/googletest/googletest/include/gtest/gtest.h:1803:3: note: in expansion of macro 'GTEST_TEST_NO_THROW_'
   GTEST_TEST_NO_THROW_(statement, GTEST_FATAL_FAILURE_)
   ^~~~~~~~~~~~~~~~~~~~
../tree_test.cpp:43:5: note: in expansion of macro 'ASSERT_NO_THROW'
     ASSERT_NO_THROW({
     ^~~~~~~~~~~~~~~
Finished building: ../tree_test.cpp
 
Building target: test2
Invoking: Cross G++ Linker
mipsel-openwrt-linux-g++ -L/home/lana/openwrt-19.07/openwrt-19.07/build_dir/target-mipsel_24kc_musl/lua-5.1.5/ipkg-install/usr/lib -L/home/lana/Table/googletest/googletest/build/lib -o "test2" ./Lua_Var_Exec/source/blocks.o ./Lua_Var_Exec/source/marks.o ./Lua_Var_Exec/source/parse_exception.o ./Lua_Var_Exec/source/str.o ./Lua_Var_Exec/source/tree.o ./Lua_Var_Exec/source/tree_node.o  ./Lua_Var_Exec/LuaWrapper.o  ./blocksTest.o ./marksTest.o ./parser.o ./strTest.o ./test_main.o ./treeNode_test.o ./tree_test.o    -llua -lgtest -lgtest_main
Finished building target: test2
 
13:42:05 **** Incremental Build of configuration Debug for project test2 ****
make all 
Building file: ../Lua_Var_Exec/source/blocks.cpp
Invoking: Cross G++ Compiler
mipsel-openwrt-linux-g++ -std=c++17 -std=c++17 -I/home/lana/Table/googletest/googletest/include -I/home/lana/Table/eclipse-workspace/test2/Lua_Var_Exec/include -I/home/lana/Table/eclipse-workspace/test2/Lua_Var_Exec -O0 -g3 -Wall -c -fmessage-length=0 -MMD -MP -MF"Lua_Var_Exec/source/blocks.d" -MT"Lua_Var_Exec/source/blocks.o" -o "Lua_Var_Exec/source/blocks.o" "../Lua_Var_Exec/source/blocks.cpp"
Finished building: ../Lua_Var_Exec/source/blocks.cpp
 
Building file: ../Lua_Var_Exec/source/marks.cpp
Invoking: Cross G++ Compiler
mipsel-openwrt-linux-g++ -std=c++17 -std=c++17 -I/home/lana/Table/googletest/googletest/include -I/home/lana/Table/eclipse-workspace/test2/Lua_Var_Exec/include -I/home/lana/Table/eclipse-workspace/test2/Lua_Var_Exec -O0 -g3 -Wall -c -fmessage-length=0 -MMD -MP -MF"Lua_Var_Exec/source/marks.d" -MT"Lua_Var_Exec/source/marks.o" -o "Lua_Var_Exec/source/marks.o" "../Lua_Var_Exec/source/marks.cpp"
Finished building: ../Lua_Var_Exec/source/marks.cpp
 
Building file: ../Lua_Var_Exec/source/parse_exception.cpp
Invoking: Cross G++ Compiler
mipsel-openwrt-linux-g++ -std=c++17 -std=c++17 -I/home/lana/Table/googletest/googletest/include -I/home/lana/Table/eclipse-workspace/test2/Lua_Var_Exec/include -I/home/lana/Table/eclipse-workspace/test2/Lua_Var_Exec -O0 -g3 -Wall -c -fmessage-length=0 -MMD -MP -MF"Lua_Var_Exec/source/parse_exception.d" -MT"Lua_Var_Exec/source/parse_exception.o" -o "Lua_Var_Exec/source/parse_exception.o" "../Lua_Var_Exec/source/parse_exception.cpp"
Finished building: ../Lua_Var_Exec/source/parse_exception.cpp
 
Building file: ../Lua_Var_Exec/source/str.cpp
Invoking: Cross G++ Compiler
mipsel-openwrt-linux-g++ -std=c++17 -std=c++17 -I/home/lana/Table/googletest/googletest/include -I/home/lana/Table/eclipse-workspace/test2/Lua_Var_Exec/include -I/home/lana/Table/eclipse-workspace/test2/Lua_Var_Exec -O0 -g3 -Wall -c -fmessage-length=0 -MMD -MP -MF"Lua_Var_Exec/source/str.d" -MT"Lua_Var_Exec/source/str.o" -o "Lua_Var_Exec/source/str.o" "../Lua_Var_Exec/source/str.cpp"
Finished building: ../Lua_Var_Exec/source/str.cpp
 
Building file: ../Lua_Var_Exec/source/tree.cpp
Invoking: Cross G++ Compiler
mipsel-openwrt-linux-g++ -std=c++17 -std=c++17 -I/home/lana/Table/googletest/googletest/include -I/home/lana/Table/eclipse-workspace/test2/Lua_Var_Exec/include -I/home/lana/Table/eclipse-workspace/test2/Lua_Var_Exec -O0 -g3 -Wall -c -fmessage-length=0 -MMD -MP -MF"Lua_Var_Exec/source/tree.d" -MT"Lua_Var_Exec/source/tree.o" -o "Lua_Var_Exec/source/tree.o" "../Lua_Var_Exec/source/tree.cpp"
Finished building: ../Lua_Var_Exec/source/tree.cpp
 
Building file: ../Lua_Var_Exec/source/tree_node.cpp
Invoking: Cross G++ Compiler
mipsel-openwrt-linux-g++ -std=c++17 -std=c++17 -I/home/lana/Table/googletest/googletest/include -I/home/lana/Table/eclipse-workspace/test2/Lua_Var_Exec/include -I/home/lana/Table/eclipse-workspace/test2/Lua_Var_Exec -O0 -g3 -Wall -c -fmessage-length=0 -MMD -MP -MF"Lua_Var_Exec/source/tree_node.d" -MT"Lua_Var_Exec/source/tree_node.o" -o "Lua_Var_Exec/source/tree_node.o" "../Lua_Var_Exec/source/tree_node.cpp"
Finished building: ../Lua_Var_Exec/source/tree_node.cpp
 
Building file: ../Lua_Var_Exec/LuaWrapper.cpp
Invoking: Cross G++ Compiler
mipsel-openwrt-linux-g++ -std=c++17 -std=c++17 -I/home/lana/Table/googletest/googletest/include -I/home/lana/Table/eclipse-workspace/test2/Lua_Var_Exec/include -I/home/lana/Table/eclipse-workspace/test2/Lua_Var_Exec -O0 -g3 -Wall -c -fmessage-length=0 -MMD -MP -MF"Lua_Var_Exec/LuaWrapper.d" -MT"Lua_Var_Exec/LuaWrapper.o" -o "Lua_Var_Exec/LuaWrapper.o" "../Lua_Var_Exec/LuaWrapper.cpp"
Finished building: ../Lua_Var_Exec/LuaWrapper.cpp
 
Building file: ../blocksTest.cpp
Invoking: Cross G++ Compiler
mipsel-openwrt-linux-g++ -std=c++17 -std=c++17 -I/home/lana/Table/googletest/googletest/include -I/home/lana/Table/eclipse-workspace/test2/Lua_Var_Exec/include -I/home/lana/Table/eclipse-workspace/test2/Lua_Var_Exec -O0 -g3 -Wall -c -fmessage-length=0 -MMD -MP -MF"blocksTest.d" -MT"blocksTest.o" -o "blocksTest.o" "../blocksTest.cpp"
In file included from ../blocksTest.cpp:1:0:
/home/lana/Table/googletest/googletest/include/gtest/gtest.h: In instantiation of 'testing::AssertionResult testing::internal::CmpHelperEQ(const char*, const char*, const T1&, const T2&) [with T1 = unsigned int; T2 = int]':
/home/lana/Table/googletest/googletest/include/gtest/gtest.h:1413:23:   required from 'static testing::AssertionResult testing::internal::EqHelper::Compare(const char*, const char*, const T1&, const T2&) [with T1 = unsigned int; T2 = int; typename std::enable_if<((! std::is_integral<_Tp>::value) || (! std::is_pointer<_Dp>::value))>::type* <anonymous> = 0]'
../blocksTest.cpp:32:5:   required from here
/home/lana/Table/googletest/googletest/include/gtest/gtest.h:1394:11: warning: comparison between signed and unsigned integer expressions [-Wsign-compare]
   if (lhs == rhs) {
       ~~~~^~~~~~
Finished building: ../blocksTest.cpp
 
Building file: ../marksTest.cpp
Invoking: Cross G++ Compiler
mipsel-openwrt-linux-g++ -std=c++17 -std=c++17 -I/home/lana/Table/googletest/googletest/include -I/home/lana/Table/eclipse-workspace/test2/Lua_Var_Exec/include -I/home/lana/Table/eclipse-workspace/test2/Lua_Var_Exec -O0 -g3 -Wall -c -fmessage-length=0 -MMD -MP -MF"marksTest.d" -MT"marksTest.o" -o "marksTest.o" "../marksTest.cpp"
Finished building: ../marksTest.cpp
 
Building file: ../parser.cpp
Invoking: Cross G++ Compiler
mipsel-openwrt-linux-g++ -std=c++17 -std=c++17 -I/home/lana/Table/googletest/googletest/include -I/home/lana/Table/eclipse-workspace/test2/Lua_Var_Exec/include -I/home/lana/Table/eclipse-workspace/test2/Lua_Var_Exec -O0 -g3 -Wall -c -fmessage-length=0 -MMD -MP -MF"parser.d" -MT"parser.o" -o "parser.o" "../parser.cpp"
Finished building: ../parser.cpp
 
Building file: ../strTest.cpp
Invoking: Cross G++ Compiler
mipsel-openwrt-linux-g++ -std=c++17 -std=c++17 -I/home/lana/Table/googletest/googletest/include -I/home/lana/Table/eclipse-workspace/test2/Lua_Var_Exec/include -I/home/lana/Table/eclipse-workspace/test2/Lua_Var_Exec -O0 -g3 -Wall -c -fmessage-length=0 -MMD -MP -MF"strTest.d" -MT"strTest.o" -o "strTest.o" "../strTest.cpp"
In file included from ../strTest.cpp:1:0:
/home/lana/Table/googletest/googletest/include/gtest/gtest.h: In instantiation of 'testing::AssertionResult testing::internal::CmpHelperEQ(const char*, const char*, const T1&, const T2&) [with T1 = unsigned int; T2 = int]':
/home/lana/Table/googletest/googletest/include/gtest/gtest.h:1413:23:   required from 'static testing::AssertionResult testing::internal::EqHelper::Compare(const char*, const char*, const T1&, const T2&) [with T1 = unsigned int; T2 = int; typename std::enable_if<((! std::is_integral<_Tp>::value) || (! std::is_pointer<_Dp>::value))>::type* <anonymous> = 0]'
../strTest.cpp:71:5:   required from here
/home/lana/Table/googletest/googletest/include/gtest/gtest.h:1394:11: warning: comparison between signed and unsigned integer expressions [-Wsign-compare]
   if (lhs == rhs) {
       ~~~~^~~~~~
Finished building: ../strTest.cpp
 
Building file: ../test_main.cpp
Invoking: Cross G++ Compiler
mipsel-openwrt-linux-g++ -std=c++17 -std=c++17 -I/home/lana/Table/googletest/googletest/include -I/home/lana/Table/eclipse-workspace/test2/Lua_Var_Exec/include -I/home/lana/Table/eclipse-workspace/test2/Lua_Var_Exec -O0 -g3 -Wall -c -fmessage-length=0 -MMD -MP -MF"test_main.d" -MT"test_main.o" -o "test_main.o" "../test_main.cpp"
Finished building: ../test_main.cpp
 
Building file: ../treeNode_test.cpp
Invoking: Cross G++ Compiler
mipsel-openwrt-linux-g++ -std=c++17 -std=c++17 -I/home/lana/Table/googletest/googletest/include -I/home/lana/Table/eclipse-workspace/test2/Lua_Var_Exec/include -I/home/lana/Table/eclipse-workspace/test2/Lua_Var_Exec -O0 -g3 -Wall -c -fmessage-length=0 -MMD -MP -MF"treeNode_test.d" -MT"treeNode_test.o" -o "treeNode_test.o" "../treeNode_test.cpp"
In file included from ../treeNode_test.cpp:1:0:
/home/lana/Table/googletest/googletest/include/gtest/gtest.h: In instantiation of 'testing::AssertionResult testing::internal::CmpHelperEQ(const char*, const char*, const T1&, const T2&) [with T1 = unsigned int; T2 = int]':
/home/lana/Table/googletest/googletest/include/gtest/gtest.h:1413:23:   required from 'static testing::AssertionResult testing::internal::EqHelper::Compare(const char*, const char*, const T1&, const T2&) [with T1 = unsigned int; T2 = int; typename std::enable_if<((! std::is_integral<_Tp>::value) || (! std::is_pointer<_Dp>::value))>::type* <anonymous> = 0]'
../treeNode_test.cpp:67:5:   required from here
/home/lana/Table/googletest/googletest/include/gtest/gtest.h:1394:11: warning: comparison between signed and unsigned integer expressions [-Wsign-compare]
   if (lhs == rhs) {
       ~~~~^~~~~~
Finished building: ../treeNode_test.cpp
 
Building file: ../tree_test.cpp
Invoking: Cross G++ Compiler
mipsel-openwrt-linux-g++ -std=c++17 -std=c++17 -I/home/lana/Table/googletest/googletest/include -I/home/lana/Table/eclipse-workspace/test2/Lua_Var_Exec/include -I/home/lana/Table/eclipse-workspace/test2/Lua_Var_Exec -O0 -g3 -Wall -c -fmessage-length=0 -MMD -MP -MF"tree_test.d" -MT"tree_test.o" -o "tree_test.o" "../tree_test.cpp"
In file included from /home/lana/Table/googletest/googletest/include/gtest/gtest-printers.h:126:0,
                 from /home/lana/Table/googletest/googletest/include/gtest/gtest-matchers.h:49,
                 from /home/lana/Table/googletest/googletest/include/gtest/internal/gtest-death-test-internal.h:47,
                 from /home/lana/Table/googletest/googletest/include/gtest/gtest-death-test.h:43,
                 from /home/lana/Table/googletest/googletest/include/gtest/gtest.h:64,
                 from ../tree_test.cpp:1:
../tree_test.cpp: In member function 'virtual void TreeTest_ClearTree_Test::TestBody()':
../tree_test.cpp:44:19: warning: unused variable 'newRoot' [-Wunused-variable]
         TreeNode* newRoot = test.Create(NodeData("new_root", NodeType::ROOT));
                   ^
/home/lana/Table/googletest/googletest/include/gtest/internal/gtest-internal.h:1311:5: note: in definition of macro 'GTEST_SUPPRESS_UNREACHABLE_CODE_WARNING_BELOW_'
     statement;                                                    \
     ^~~~~~~~~
/home/lana/Table/googletest/googletest/include/gtest/gtest.h:1803:3: note: in expansion of macro 'GTEST_TEST_NO_THROW_'
   GTEST_TEST_NO_THROW_(statement, GTEST_FATAL_FAILURE_)
   ^~~~~~~~~~~~~~~~~~~~
../tree_test.cpp:43:5: note: in expansion of macro 'ASSERT_NO_THROW'
     ASSERT_NO_THROW({
     ^~~~~~~~~~~~~~~
Finished building: ../tree_test.cpp
 
Building target: test2
Invoking: Cross G++ Linker
mipsel-openwrt-linux-g++ -L/home/lana/openwrt-19.07/openwrt-19.07/build_dir/target-mipsel_24kc_musl/lua-5.1.5/ipkg-install/usr/lib -L/home/lana/Table/googletest/googletest/build/lib -o "test2" ./Lua_Var_Exec/source/blocks.o ./Lua_Var_Exec/source/marks.o ./Lua_Var_Exec/source/parse_exception.o ./Lua_Var_Exec/source/str.o ./Lua_Var_Exec/source/tree.o ./Lua_Var_Exec/source/tree_node.o  ./Lua_Var_Exec/LuaWrapper.o  ./blocksTest.o ./marksTest.o ./parser.o ./strTest.o ./test_main.o ./treeNode_test.o ./tree_test.o    -llua -lgtest -lgtest_main
Finished building target: test2
 
13:51:55 **** Incremental Build of configuration Debug for project test2 ****
make all 
make: Цель «all» не требует выполнения команд.
13:52:01 **** Incremental Build of configuration Debug for project test2 ****
make all 
make: Цель «all» не требует выполнения команд.
13:53:13 **** Incremental Build of configuration Debug for project test2 ****
make all 
make: Цель «all» не требует выполнения команд.
14:30:55 **** Incremental Build of configuration Debug for project test2 ****
make all 
Building file: ../blocksTest.cpp
Invoking: Cross G++ Compiler
mipsel-openwrt-linux-g++ -std=c++17 -std=c++17 -I/home/lana/Table/googletest/googletest/include -I/home/lana/Table/eclipse-workspace/test2/Lua_Var_Exec/include -I/home/lana/Table/eclipse-workspace/test2/Lua_Var_Exec -O0 -g3 -Wall -c -fmessage-length=0 -MMD -MP -MF"blocksTest.d" -MT"blocksTest.o" -o "blocksTest.o" "../blocksTest.cpp"
Finished building: ../blocksTest.cpp
 
Building target: test2
Invoking: Cross G++ Linker
mipsel-openwrt-linux-g++ -L/home/lana/openwrt-19.07/openwrt-19.07/build_dir/target-mipsel_24kc_musl/lua-5.1.5/ipkg-install/usr/lib -L/home/lana/Table/googletest/googletest/build/lib -o "test2" ./Lua_Var_Exec/source/blocks.o ./Lua_Var_Exec/source/marks.o ./Lua_Var_Exec/source/parse_exception.o ./Lua_Var_Exec/source/str.o ./Lua_Var_Exec/source/tree.o ./Lua_Var_Exec/source/tree_node.o  ./Lua_Var_Exec/LuaWrapper.o  ./blocksTest.o ./marksTest.o ./parser.o ./strTest.o ./test_main.o ./treeNode_test.o ./tree_test.o    -llua -lgtest -lgtest_main
Finished building target: test2
 
14:37:24 **** Incremental Build of configuration Debug for project test2 ****
make all 
Building file: ../blocksTest.cpp
Invoking: Cross G++ Compiler
mipsel-openwrt-linux-g++ -std=c++17 -std=c++17 -I/home/lana/Table/googletest/googletest/include -I/home/lana/Table/eclipse-workspace/test2/Lua_Var_Exec/include -I/home/lana/Table/eclipse-workspace/test2/Lua_Var_Exec -O0 -g3 -Wall -c -fmessage-length=0 -MMD -MP -MF"blocksTest.d" -MT"blocksTest.o" -o "blocksTest.o" "../blocksTest.cpp"
In file included from ../blocksTest.cpp:1:0:
/home/lana/Table/googletest/googletest/include/gtest/gtest.h: In instantiation of 'testing::AssertionResult testing::internal::CmpHelperEQ(const char*, const char*, const T1&, const T2&) [with T1 = unsigned int; T2 = int]':
/home/lana/Table/googletest/googletest/include/gtest/gtest.h:1413:23:   required from 'static testing::AssertionResult testing::internal::EqHelper::Compare(const char*, const char*, const T1&, const T2&) [with T1 = unsigned int; T2 = int; typename std::enable_if<((! std::is_integral<_Tp>::value) || (! std::is_pointer<_Dp>::value))>::type* <anonymous> = 0]'
../blocksTest.cpp:30:5:   required from here
/home/lana/Table/googletest/googletest/include/gtest/gtest.h:1394:11: warning: comparison between signed and unsigned integer expressions [-Wsign-compare]
   if (lhs == rhs) {
       ~~~~^~~~~~
Finished building: ../blocksTest.cpp
 
Building target: test2
Invoking: Cross G++ Linker
mipsel-openwrt-linux-g++ -L/home/lana/openwrt-19.07/openwrt-19.07/build_dir/target-mipsel_24kc_musl/lua-5.1.5/ipkg-install/usr/lib -L/home/lana/Table/googletest/googletest/build/lib -o "test2" ./Lua_Var_Exec/source/blocks.o ./Lua_Var_Exec/source/marks.o ./Lua_Var_Exec/source/parse_exception.o ./Lua_Var_Exec/source/str.o ./Lua_Var_Exec/source/tree.o ./Lua_Var_Exec/source/tree_node.o  ./Lua_Var_Exec/LuaWrapper.o  ./blocksTest.o ./marksTest.o ./parser.o ./strTest.o ./test_main.o ./treeNode_test.o ./tree_test.o    -llua -lgtest -lgtest_main
Finished building target: test2
 
14:37:48 **** Incremental Build of configuration Debug for project test2 ****
make all 
make: Цель «all» не требует выполнения команд.
14:38:31 **** Incremental Build of configuration Release for project test2 ****
make all 
Building file: ../Lua_Var_Exec/source/blocks.cpp
Invoking: Cross G++ Compiler
mipsel-openwrt-linux-g++ -O3 -Wall -c -fmessage-length=0 -MMD -MP -MF"Lua_Var_Exec/source/blocks.d" -MT"Lua_Var_Exec/source/blocks.o" -o "Lua_Var_Exec/source/blocks.o" "../Lua_Var_Exec/source/blocks.cpp"
/bin/sh: 1: mipsel-openwrt-linux-g++: not found
make: *** [Lua_Var_Exec/source/subdir.mk:35: Lua_Var_Exec/source/blocks.o] Ошибка 127
"make all" terminated with exit code 2. Build might be incomplete.
10:58:31 **** Incremental Build of configuration Release for project test2 ****
make all 
make: *** Нет правила для сборки цели «Lua_Var_Exec/source/blocks.o», требуемой для «test2».  Останов.
"make all" terminated with exit code 2. Build might be incomplete.
11:02:38 **** Incremental Build of configuration Debug for project test2 ****
make all 
Building file: ../LUA_parser/source/check_funck.cpp
Invoking: Cross G++ Compiler
mipsel-openwrt-linux-g++ -std=c++17 -std=c++17 -I/home/lana/Table/googletest/googletest/include -I/home/lana/Table/eclipse-workspace/test2/LUA_parser/include -O0 -g3 -Wall -c -fmessage-length=0 -MMD -MP -MF"LUA_parser/source/check_funck.d" -MT"LUA_parser/source/check_funck.o" -o "LUA_parser/source/check_funck.o" "../LUA_parser/source/check_funck.cpp"
Finished building: ../LUA_parser/source/check_funck.cpp
 
Building file: ../LUA_parser/source/lua_parser.cpp
Invoking: Cross G++ Compiler
mipsel-openwrt-linux-g++ -std=c++17 -std=c++17 -I/home/lana/Table/googletest/googletest/include -I/home/lana/Table/eclipse-workspace/test2/LUA_parser/include -O0 -g3 -Wall -c -fmessage-length=0 -MMD -MP -MF"LUA_parser/source/lua_parser.d" -MT"LUA_parser/source/lua_parser.o" -o "LUA_parser/source/lua_parser.o" "../LUA_parser/source/lua_parser.cpp"
Finished building: ../LUA_parser/source/lua_parser.cpp
 
Building file: ../LUA_parser/source/parse.cpp
Invoking: Cross G++ Compiler
mipsel-openwrt-linux-g++ -std=c++17 -std=c++17 -I/home/lana/Table/googletest/googletest/include -I/home/lana/Table/eclipse-workspace/test2/LUA_parser/include -O0 -g3 -Wall -c -fmessage-length=0 -MMD -MP -MF"LUA_parser/source/parse.d" -MT"LUA_parser/source/parse.o" -o "LUA_parser/source/parse.o" "../LUA_parser/source/parse.cpp"
Finished building: ../LUA_parser/source/parse.cpp
 
Building file: ../LUA_parser/source/parse_exception.cpp
Invoking: Cross G++ Compiler
mipsel-openwrt-linux-g++ -std=c++17 -std=c++17 -I/home/lana/Table/googletest/googletest/include -I/home/lana/Table/eclipse-workspace/test2/LUA_parser/include -O0 -g3 -Wall -c -fmessage-length=0 -MMD -MP -MF"LUA_parser/source/parse_exception.d" -MT"LUA_parser/source/parse_exception.o" -o "LUA_parser/source/parse_exception.o" "../LUA_parser/source/parse_exception.cpp"
Finished building: ../LUA_parser/source/parse_exception.cpp
 
Building file: ../LUA_parser/source/str.cpp
Invoking: Cross G++ Compiler
mipsel-openwrt-linux-g++ -std=c++17 -std=c++17 -I/home/lana/Table/googletest/googletest/include -I/home/lana/Table/eclipse-workspace/test2/LUA_parser/include -O0 -g3 -Wall -c -fmessage-length=0 -MMD -MP -MF"LUA_parser/source/str.d" -MT"LUA_parser/source/str.o" -o "LUA_parser/source/str.o" "../LUA_parser/source/str.cpp"
Finished building: ../LUA_parser/source/str.cpp
 
Building file: ../LUA_parser/source/tree.cpp
Invoking: Cross G++ Compiler
mipsel-openwrt-linux-g++ -std=c++17 -std=c++17 -I/home/lana/Table/googletest/googletest/include -I/home/lana/Table/eclipse-workspace/test2/LUA_parser/include -O0 -g3 -Wall -c -fmessage-length=0 -MMD -MP -MF"LUA_parser/source/tree.d" -MT"LUA_parser/source/tree.o" -o "LUA_parser/source/tree.o" "../LUA_parser/source/tree.cpp"
Finished building: ../LUA_parser/source/tree.cpp
 
Building file: ../LUA_parser/source/tree_node.cpp
Invoking: Cross G++ Compiler
mipsel-openwrt-linux-g++ -std=c++17 -std=c++17 -I/home/lana/Table/googletest/googletest/include -I/home/lana/Table/eclipse-workspace/test2/LUA_parser/include -O0 -g3 -Wall -c -fmessage-length=0 -MMD -MP -MF"LUA_parser/source/tree_node.d" -MT"LUA_parser/source/tree_node.o" -o "LUA_parser/source/tree_node.o" "../LUA_parser/source/tree_node.cpp"
Finished building: ../LUA_parser/source/tree_node.cpp
 
Building file: ../funck_test.cpp
Invoking: Cross G++ Compiler
mipsel-openwrt-linux-g++ -std=c++17 -std=c++17 -I/home/lana/Table/googletest/googletest/include -I/home/lana/Table/eclipse-workspace/test2/LUA_parser/include -O0 -g3 -Wall -c -fmessage-length=0 -MMD -MP -MF"funck_test.d" -MT"funck_test.o" -o "funck_test.o" "../funck_test.cpp"
../funck_test.cpp:2:10: fatal error: ../LUA_parser/include/check_func.h: No such file or directory
 #include "../LUA_parser/include/check_func.h"
          ^~~~~~~~~~~~~~~~~~~~~~~~~~~~~~~~~~~~
compilation terminated.
make: *** [subdir.mk:32: funck_test.o] Ошибка 1
"make all" terminated with exit code 2. Build might be incomplete.
11:04:50 **** Incremental Build of configuration Debug for project test2 ****
make all 
Building file: ../LUA_parser/source/check_funck.cpp
Invoking: Cross G++ Compiler
mipsel-openwrt-linux-g++ -std=c++17 -std=c++17 -I/home/lana/Table/googletest/googletest/include -I/home/lana/Table/eclipse-workspace/test2/LUA_parser/include -O0 -g3 -Wall -c -fmessage-length=0 -MMD -MP -MF"LUA_parser/source/check_funck.d" -MT"LUA_parser/source/check_funck.o" -o "LUA_parser/source/check_funck.o" "../LUA_parser/source/check_funck.cpp"
Finished building: ../LUA_parser/source/check_funck.cpp
 
Building file: ../LUA_parser/source/lua_parser.cpp
Invoking: Cross G++ Compiler
mipsel-openwrt-linux-g++ -std=c++17 -std=c++17 -I/home/lana/Table/googletest/googletest/include -I/home/lana/Table/eclipse-workspace/test2/LUA_parser/include -O0 -g3 -Wall -c -fmessage-length=0 -MMD -MP -MF"LUA_parser/source/lua_parser.d" -MT"LUA_parser/source/lua_parser.o" -o "LUA_parser/source/lua_parser.o" "../LUA_parser/source/lua_parser.cpp"
Finished building: ../LUA_parser/source/lua_parser.cpp
 
Building file: ../LUA_parser/source/parse.cpp
Invoking: Cross G++ Compiler
mipsel-openwrt-linux-g++ -std=c++17 -std=c++17 -I/home/lana/Table/googletest/googletest/include -I/home/lana/Table/eclipse-workspace/test2/LUA_parser/include -O0 -g3 -Wall -c -fmessage-length=0 -MMD -MP -MF"LUA_parser/source/parse.d" -MT"LUA_parser/source/parse.o" -o "LUA_parser/source/parse.o" "../LUA_parser/source/parse.cpp"
Finished building: ../LUA_parser/source/parse.cpp
 
Building file: ../LUA_parser/source/parse_exception.cpp
Invoking: Cross G++ Compiler
mipsel-openwrt-linux-g++ -std=c++17 -std=c++17 -I/home/lana/Table/googletest/googletest/include -I/home/lana/Table/eclipse-workspace/test2/LUA_parser/include -O0 -g3 -Wall -c -fmessage-length=0 -MMD -MP -MF"LUA_parser/source/parse_exception.d" -MT"LUA_parser/source/parse_exception.o" -o "LUA_parser/source/parse_exception.o" "../LUA_parser/source/parse_exception.cpp"
Finished building: ../LUA_parser/source/parse_exception.cpp
 
Building file: ../LUA_parser/source/str.cpp
Invoking: Cross G++ Compiler
mipsel-openwrt-linux-g++ -std=c++17 -std=c++17 -I/home/lana/Table/googletest/googletest/include -I/home/lana/Table/eclipse-workspace/test2/LUA_parser/include -O0 -g3 -Wall -c -fmessage-length=0 -MMD -MP -MF"LUA_parser/source/str.d" -MT"LUA_parser/source/str.o" -o "LUA_parser/source/str.o" "../LUA_parser/source/str.cpp"
Finished building: ../LUA_parser/source/str.cpp
 
Building file: ../LUA_parser/source/tree.cpp
Invoking: Cross G++ Compiler
mipsel-openwrt-linux-g++ -std=c++17 -std=c++17 -I/home/lana/Table/googletest/googletest/include -I/home/lana/Table/eclipse-workspace/test2/LUA_parser/include -O0 -g3 -Wall -c -fmessage-length=0 -MMD -MP -MF"LUA_parser/source/tree.d" -MT"LUA_parser/source/tree.o" -o "LUA_parser/source/tree.o" "../LUA_parser/source/tree.cpp"
Finished building: ../LUA_parser/source/tree.cpp
 
Building file: ../LUA_parser/source/tree_node.cpp
Invoking: Cross G++ Compiler
mipsel-openwrt-linux-g++ -std=c++17 -std=c++17 -I/home/lana/Table/googletest/googletest/include -I/home/lana/Table/eclipse-workspace/test2/LUA_parser/include -O0 -g3 -Wall -c -fmessage-length=0 -MMD -MP -MF"LUA_parser/source/tree_node.d" -MT"LUA_parser/source/tree_node.o" -o "LUA_parser/source/tree_node.o" "../LUA_parser/source/tree_node.cpp"
Finished building: ../LUA_parser/source/tree_node.cpp
 
Building file: ../funck_test.cpp
Invoking: Cross G++ Compiler
mipsel-openwrt-linux-g++ -std=c++17 -std=c++17 -I/home/lana/Table/googletest/googletest/include -I/home/lana/Table/eclipse-workspace/test2/LUA_parser/include -O0 -g3 -Wall -c -fmessage-length=0 -MMD -MP -MF"funck_test.d" -MT"funck_test.o" -o "funck_test.o" "../funck_test.cpp"
../funck_test.cpp:2:10: fatal error: ../LUA_parser/include/check_func.h: No such file or directory
 #include "../LUA_parser/include/check_func.h"
          ^~~~~~~~~~~~~~~~~~~~~~~~~~~~~~~~~~~~
compilation terminated.
make: *** [subdir.mk:32: funck_test.o] Ошибка 1
"make all" terminated with exit code 2. Build might be incomplete.
11:07:33 **** Incremental Build of configuration Debug for project test2 ****
make all 
Building file: ../funck_test.cpp
Invoking: Cross G++ Compiler
mipsel-openwrt-linux-g++ -std=c++17 -std=c++17 -I/home/lana/Table/googletest/googletest/include -I/home/lana/Table/eclipse-workspace/test2/LUA_parser/include -O0 -g3 -Wall -c -fmessage-length=0 -MMD -MP -MF"funck_test.d" -MT"funck_test.o" -o "funck_test.o" "../funck_test.cpp"
Finished building: ../funck_test.cpp
 
Building file: ../lua_test.cpp
Invoking: Cross G++ Compiler
mipsel-openwrt-linux-g++ -std=c++17 -std=c++17 -I/home/lana/Table/googletest/googletest/include -I/home/lana/Table/eclipse-workspace/test2/LUA_parser/include -O0 -g3 -Wall -c -fmessage-length=0 -MMD -MP -MF"lua_test.d" -MT"lua_test.o" -o "lua_test.o" "../lua_test.cpp"
In file included from ../lua_test.cpp:1:0:
/home/lana/Table/googletest/googletest/include/gtest/gtest.h: In instantiation of 'testing::AssertionResult testing::internal::CmpHelperEQ(const char*, const char*, const T1&, const T2&) [with T1 = unsigned int; T2 = int]':
/home/lana/Table/googletest/googletest/include/gtest/gtest.h:1413:23:   required from 'static testing::AssertionResult testing::internal::EqHelper::Compare(const char*, const char*, const T1&, const T2&) [with T1 = unsigned int; T2 = int; typename std::enable_if<((! std::is_integral<_Tp>::value) || (! std::is_pointer<_Dp>::value))>::type* <anonymous> = 0]'
../lua_test.cpp:132:5:   required from here
/home/lana/Table/googletest/googletest/include/gtest/gtest.h:1394:11: warning: comparison between signed and unsigned integer expressions [-Wsign-compare]
   if (lhs == rhs) {
       ~~~~^~~~~~
Finished building: ../lua_test.cpp
 
Building file: ../parse_test.cpp
Invoking: Cross G++ Compiler
mipsel-openwrt-linux-g++ -std=c++17 -std=c++17 -I/home/lana/Table/googletest/googletest/include -I/home/lana/Table/eclipse-workspace/test2/LUA_parser/include -O0 -g3 -Wall -c -fmessage-length=0 -MMD -MP -MF"parse_test.d" -MT"parse_test.o" -o "parse_test.o" "../parse_test.cpp"
In file included from ../parse_test.cpp:1:0:
/home/lana/Table/googletest/googletest/include/gtest/gtest.h: In instantiation of 'testing::AssertionResult testing::internal::CmpHelperEQ(const char*, const char*, const T1&, const T2&) [with T1 = int; T2 = unsigned int]':
/home/lana/Table/googletest/googletest/include/gtest/gtest.h:1413:23:   required from 'static testing::AssertionResult testing::internal::EqHelper::Compare(const char*, const char*, const T1&, const T2&) [with T1 = int; T2 = unsigned int; typename std::enable_if<((! std::is_integral<_Tp>::value) || (! std::is_pointer<_Dp>::value))>::type* <anonymous> = 0]'
../parse_test.cpp:73:5:   required from here
/home/lana/Table/googletest/googletest/include/gtest/gtest.h:1394:11: warning: comparison between signed and unsigned integer expressions [-Wsign-compare]
   if (lhs == rhs) {
       ~~~~^~~~~~
Finished building: ../parse_test.cpp
 
Building file: ../test_main.cpp
Invoking: Cross G++ Compiler
mipsel-openwrt-linux-g++ -std=c++17 -std=c++17 -I/home/lana/Table/googletest/googletest/include -I/home/lana/Table/eclipse-workspace/test2/LUA_parser/include -O0 -g3 -Wall -c -fmessage-length=0 -MMD -MP -MF"test_main.d" -MT"test_main.o" -o "test_main.o" "../test_main.cpp"
Finished building: ../test_main.cpp
 
Building file: ../tree_node_test.cpp
Invoking: Cross G++ Compiler
mipsel-openwrt-linux-g++ -std=c++17 -std=c++17 -I/home/lana/Table/googletest/googletest/include -I/home/lana/Table/eclipse-workspace/test2/LUA_parser/include -O0 -g3 -Wall -c -fmessage-length=0 -MMD -MP -MF"tree_node_test.d" -MT"tree_node_test.o" -o "tree_node_test.o" "../tree_node_test.cpp"
../tree_node_test.cpp: In member function 'virtual void TreeNodeTest_AddChildStoresChildInVectorOne_Test::TestBody()':
../tree_node_test.cpp:60:15: warning: unused variable 'child1' [-Wunused-variable]
     TreeNode* child1 = parent.AddChild("child1");
               ^~~~~~
../tree_node_test.cpp:61:15: warning: unused variable 'child2' [-Wunused-variable]
     TreeNode* child2 = parent.AddChild("child2", NodeType::STRING);
               ^~~~~~
../tree_node_test.cpp: In member function 'virtual void TreeNodeTest_AddChildStoresChildInVectorTwo_Test::TestBody()':
../tree_node_test.cpp:68:15: warning: unused variable 'child1' [-Wunused-variable]
     TreeNode* child1 = parent.AddChild("child1");
               ^~~~~~
../tree_node_test.cpp:69:15: warning: unused variable 'child2' [-Wunused-variable]
     TreeNode* child2 = parent.AddChild("child2", NodeType::STRING);
               ^~~~~~
In file included from ../tree_node_test.cpp:1:0:
/home/lana/Table/googletest/googletest/include/gtest/gtest.h: In instantiation of 'testing::AssertionResult testing::internal::CmpHelperEQ(const char*, const char*, const T1&, const T2&) [with T1 = int; T2 = unsigned int]':
/home/lana/Table/googletest/googletest/include/gtest/gtest.h:1413:23:   required from 'static testing::AssertionResult testing::internal::EqHelper::Compare(const char*, const char*, const T1&, const T2&) [with T1 = int; T2 = unsigned int; typename std::enable_if<((! std::is_integral<_Tp>::value) || (! std::is_pointer<_Dp>::value))>::type* <anonymous> = 0]'
../tree_node_test.cpp:63:5:   required from here
/home/lana/Table/googletest/googletest/include/gtest/gtest.h:1394:11: warning: comparison between signed and unsigned integer expressions [-Wsign-compare]
   if (lhs == rhs) {
       ~~~~^~~~~~
Finished building: ../tree_node_test.cpp
 
Building target: test2
Invoking: Cross G++ Linker
mipsel-openwrt-linux-g++ -L/home/lana/openwrt-19.07/openwrt-19.07/build_dir/target-mipsel_24kc_musl/lua-5.1.5/ipkg-install/usr/lib -L/home/lana/Table/googletest/googletest/build/lib -o "test2" ./LUA_parser/source/check_funck.o ./LUA_parser/source/lua_parser.o ./LUA_parser/source/parse.o ./LUA_parser/source/parse_exception.o ./LUA_parser/source/str.o ./LUA_parser/source/tree.o ./LUA_parser/source/tree_node.o  ./funck_test.o ./lua_test.o ./parse_test.o ./test_main.o ./tree_node_test.o    -llua -lgtest -lgtest_main
Finished building target: test2
 
11:09:03 **** Incremental Build of configuration Debug for project test2 ****
make all 
make: Цель «all» не требует выполнения команд.
11:15:58 **** Incremental Build of configuration Debug for project test2 ****
make all 
make: Цель «all» не требует выполнения команд.
